<?xml version="1.0" encoding="UTF-8"?>
<testng-results ignored="0" total="8" passed="7" failed="1" skipped="0">
  <reporter-output>
  </reporter-output>
  <suite started-at="2023-03-11T15:37:02 IST" name="Default suite" finished-at="2023-03-11T15:37:33 IST" duration-ms="30733">
    <groups>
    </groups>
    <test started-at="2023-03-11T15:37:02 IST" name="Default test" finished-at="2023-03-11T15:37:33 IST" duration-ms="30733">
      <class name="marvin_challenges.first_challenge">
        <test-method is-config="true" signature="beforeTest()[pri:0, instance:marvin_challenges.first_challenge@411291e5]" started-at="2023-03-11T15:37:02 IST" name="beforeTest" finished-at="2023-03-11T15:37:03 IST" duration-ms="361" status="PASS">
          <reporter-output>
          </reporter-output>
        </test-method> <!-- beforeTest -->
        <test-method signature="openbrowser()[pri:0, instance:marvin_challenges.first_challenge@411291e5]" started-at="2023-03-11T15:37:03 IST" name="openbrowser" finished-at="2023-03-11T15:37:09 IST" duration-ms="6120" status="PASS">
          <reporter-output>
          </reporter-output>
        </test-method> <!-- openbrowser -->
        <test-method signature="serach()[pri:1, instance:marvin_challenges.first_challenge@411291e5]" started-at="2023-03-11T15:37:09 IST" name="serach" finished-at="2023-03-11T15:37:12 IST" duration-ms="3202" status="PASS">
          <reporter-output>
          </reporter-output>
        </test-method> <!-- serach -->
        <test-method signature="productdetail()[pri:2, instance:marvin_challenges.first_challenge@411291e5]" started-at="2023-03-11T15:37:12 IST" name="productdetail" finished-at="2023-03-11T15:37:23 IST" duration-ms="11249" status="PASS">
          <reporter-output>
          </reporter-output>
        </test-method> <!-- productdetail -->
        <test-method signature="addtocart()[pri:3, instance:marvin_challenges.first_challenge@411291e5]" started-at="2023-03-11T15:37:23 IST" name="addtocart" finished-at="2023-03-11T15:37:28 IST" duration-ms="4654" status="PASS">
          <reporter-output>
          </reporter-output>
        </test-method> <!-- addtocart -->
        <test-method signature="gotocart()[pri:4, instance:marvin_challenges.first_challenge@411291e5]" started-at="2023-03-11T15:37:28 IST" name="gotocart" finished-at="2023-03-11T15:37:30 IST" duration-ms="2322" status="PASS">
          <reporter-output>
          </reporter-output>
        </test-method> <!-- gotocart -->
        <test-method signature="OrderSummary()[pri:5, instance:marvin_challenges.first_challenge@411291e5]" started-at="2023-03-11T15:37:30 IST" name="OrderSummary" finished-at="2023-03-11T15:37:30 IST" duration-ms="192" status="PASS">
          <reporter-output>
          </reporter-output>
        </test-method> <!-- OrderSummary -->
        <test-method signature="Buy()[pri:6, instance:marvin_challenges.first_challenge@411291e5]" started-at="2023-03-11T15:37:30 IST" name="Buy" finished-at="2023-03-11T15:37:33 IST" duration-ms="2186" status="PASS">
          <reporter-output>
          </reporter-output>
        </test-method> <!-- Buy -->
        <test-method signature="loginpage()[pri:7, instance:marvin_challenges.first_challenge@411291e5]" started-at="2023-03-11T15:37:33 IST" name="loginpage" finished-at="2023-03-11T15:37:33 IST" duration-ms="205" status="FAIL">
          <exception class="java.io.FileNotFoundException">
            <message>
              <![CDATA[C:\Users\screenshot.png (Access is denied)]]>
            </message>
            <full-stacktrace>
              <![CDATA[java.io.FileNotFoundException: C:\Users\screenshot.png (Access is denied)
at java.base/java.io.FileOutputStream.open0(Native Method)
at java.base/java.io.FileOutputStream.open(FileOutputStream.java:293)
at java.base/java.io.FileOutputStream.<init>(FileOutputStream.java:235)
at java.base/java.io.FileOutputStream.<init>(FileOutputStream.java:184)
at org.apache.commons.io.FileUtils.doCopyFile(FileUtils.java:1123)
at org.apache.commons.io.FileUtils.copyFile(FileUtils.java:1076)
at org.apache.commons.io.FileUtils.copyFile(FileUtils.java:1028)
at marvin_challenges.first_challenge.loginpage(first_challenge.java:111)
at java.base/jdk.internal.reflect.NativeMethodAccessorImpl.invoke0(Native Method)
at java.base/jdk.internal.reflect.NativeMethodAccessorImpl.invoke(NativeMethodAccessorImpl.java:77)
at java.base/jdk.internal.reflect.DelegatingMethodAccessorImpl.invoke(DelegatingMethodAccessorImpl.java:43)
at java.base/java.lang.reflect.Method.invoke(Method.java:568)
at org.testng.internal.invokers.MethodInvocationHelper.invokeMethod(MethodInvocationHelper.java:139)
at org.testng.internal.invokers.TestInvoker.invokeMethod(TestInvoker.java:677)
at org.testng.internal.invokers.TestInvoker.invokeTestMethod(TestInvoker.java:221)
at org.testng.internal.invokers.MethodRunner.runInSequence(MethodRunner.java:50)
at org.testng.internal.invokers.TestInvoker$MethodInvocationAgent.invoke(TestInvoker.java:962)
at org.testng.internal.invokers.TestInvoker.invokeTestMethods(TestInvoker.java:194)
at org.testng.internal.invokers.TestMethodWorker.invokeTestMethods(TestMethodWorker.java:148)
at org.testng.internal.invokers.TestMethodWorker.run(TestMethodWorker.java:128)
at java.base/java.util.ArrayList.forEach(ArrayList.java:1511)
at org.testng.TestRunner.privateRun(TestRunner.java:806)
at org.testng.TestRunner.run(TestRunner.java:601)
at org.testng.SuiteRunner.runTest(SuiteRunner.java:433)
at org.testng.SuiteRunner.runSequentially(SuiteRunner.java:427)
at org.testng.SuiteRunner.privateRun(SuiteRunner.java:387)
at org.testng.SuiteRunner.run(SuiteRunner.java:330)
at org.testng.SuiteRunnerWorker.runSuite(SuiteRunnerWorker.java:52)
at org.testng.SuiteRunnerWorker.run(SuiteRunnerWorker.java:95)
at org.testng.TestNG.runSuitesSequentially(TestNG.java:1256)
at org.testng.TestNG.runSuitesLocally(TestNG.java:1176)
at org.testng.TestNG.runSuites(TestNG.java:1099)
at org.testng.TestNG.run(TestNG.java:1067)
at org.testng.remote.AbstractRemoteTestNG.run(AbstractRemoteTestNG.java:115)
at org.testng.remote.RemoteTestNG.initAndRun(RemoteTestNG.java:251)
at org.testng.remote.RemoteTestNG.main(RemoteTestNG.java:77)
]]>
            </full-stacktrace>
          </exception> <!-- java.io.FileNotFoundException -->
          <reporter-output>
          </reporter-output>
        </test-method> <!-- loginpage -->
        <test-method is-config="true" signature="afterTest()[pri:0, instance:marvin_challenges.first_challenge@411291e5]" started-at="2023-03-11T15:37:33 IST" name="afterTest" finished-at="2023-03-11T15:37:33 IST" duration-ms="173" status="PASS">
          <reporter-output>
          </reporter-output>
        </test-method> <!-- afterTest -->
      </class> <!-- marvin_challenges.first_challenge -->
    </test> <!-- Default test -->
  </suite> <!-- Default suite -->
</testng-results>
